============================= test session starts =============================
platform win32 -- Python 3.13.5, pytest-9.0.3, pluggy-1.6.0 -- C:\Users\nabil\Documents\My Projects\StageTrace\backend\.venv\Scripts\python.exe
cachedir: .pytest_cache
rootdir: C:\Users\nabil\Documents\My Projects\StageTrace\backend
configfile: pytest.ini
plugins: anyio-4.13.0, asyncio-1.3.0
asyncio: mode=Mode.STRICT, debug=False, asyncio_default_fixture_loop_scope=None, asyncio_default_test_loop_scope=function
collecting ... collected 30 items

tests/endpoints/test_e2e.py::test_e2e_complete_flow PASSED               [  3%]
tests/endpoints/test_e2e.py::test_e2e_no_diffs PASSED                    [  6%]
tests/endpoints/test_e2e.py::test_e2e_high_severity_incident PASSED      [ 10%]
tests/endpoints/test_e2e.py::test_e2e_workflow_with_snapshot_listing PASSED [ 13%]
tests/endpoints/test_incidents.py::test_trigger_incident_success PASSED  [ 16%]
tests/endpoints/test_incidents.py::test_trigger_incident_no_diffs PASSED [ 20%]
tests/endpoints/test_incidents.py::test_trigger_incident_staging_not_found PASSED [ 23%]
tests/endpoints/test_incidents.py::test_trigger_incident_production_not_found PASSED [ 26%]
tests/endpoints/test_incidents.py::test_trigger_incident_with_description PASSED [ 30%]
tests/endpoints/test_incidents.py::test_get_incident_report_success PASSED [ 33%]
tests/endpoints/test_incidents.py::test_get_incident_report_not_found PASSED [ 36%]
tests/endpoints/test_incidents.py::test_list_incidents_empty PASSED      [ 40%]
tests/endpoints/test_incidents.py::test_list_incidents_pagination PASSED [ 43%]
tests/endpoints/test_incidents.py::test_get_drift_history_empty PASSED   [ 46%]
tests/endpoints/test_incidents.py::test_get_drift_history_with_filter PASSED [ 50%]
tests/endpoints/test_incidents.py::test_get_drift_history_time_range PASSED [ 53%]
tests/endpoints/test_incidents.py::test_forensic_report_structure PASSED [ 56%]
tests/endpoints/test_snapshots.py::test_create_snapshot_success PASSED   [ 60%]
tests/endpoints/test_snapshots.py::test_create_snapshot_staging PASSED   [ 63%]
tests/endpoints/test_snapshots.py::test_create_snapshot_production PASSED [ 66%]
tests/endpoints/test_snapshots.py::test_create_snapshot_invalid_environment PASSED [ 70%]
tests/endpoints/test_snapshots.py::test_create_snapshot_complex_config PASSED [ 73%]
tests/endpoints/test_snapshots.py::test_create_snapshot_optional_version_tag PASSED [ 76%]
tests/endpoints/test_snapshots.py::test_list_snapshots_empty FAILED      [ 80%]
tests/endpoints/test_snapshots.py::test_list_snapshots_after_create FAILED [ 83%]
tests/endpoints/test_snapshots.py::test_list_snapshots_ordered_by_timestamp PASSED [ 86%]
tests/test_diff_engine.py::test_identical_snapshots_return_empty_list PASSED [ 90%]
tests/test_diff_engine.py::test_single_modified_key_detects_one_delta PASSED [ 93%]
tests/test_diff_engine.py::test_multiple_changes_include_added_removed_and_modified_keys PASSED [ 96%]
tests/test_diff_engine.py::test_nested_config_changes_are_detected PASSED [100%]

================================== FAILURES ===================================
__________________________ test_list_snapshots_empty __________________________
tests\endpoints\test_snapshots.py:100: in test_list_snapshots_empty
    assert len(data) == 0
E   AssertionError: assert 2 == 0
E    +  where 2 = len([{'id': '14fe38a4-cf21-4cb5-8c1c-0fb6bb603ffa', 'environment': 'staging', 'version_tag': 'v2.0', 'timestamp': '2026-05-22T04:13:19.164031+00:00', 'payload_url': 'https://mock-bucket.supabase.co/object/public/snapshots/staging/14fe38a4-cf21-4cb5-8c1c-0fb6bb603ffa.json', 'metadata': {'source': 'agent'}}, {'id': '6a615a07-a8d3-496b-afec-d4cf06ec3841', 'environment': 'staging', 'version_tag': 'v1.0', 'timestamp': '2026-05-22T04:13:19.141934+00:00', 'payload_url': 'https://mock-bucket.supabase.co/object/public/snapshots/staging/6a615a07-a8d3-496b-afec-d4cf06ec3841.json', 'metadata': {'source': 'agent'}}])
______________________ test_list_snapshots_after_create _______________________
tests\endpoints\test_snapshots.py:118: in test_list_snapshots_after_create
    assert id1 in ids
E   AssertionError: assert '2bf6a13c-1883-450c-a099-b4f12ba62665' in {'6a615a07-a8d3-496b-afec-d4cf06ec3841', '14fe38a4-cf21-4cb5-8c1c-0fb6bb603ffa'}
=========================== short test summary info ===========================
FAILED tests/endpoints/test_snapshots.py::test_list_snapshots_empty - AssertionError: assert 2 == 0
 +  where 2 = len([{'id': '14fe38a4-cf21-4cb5-8c1c-0fb6bb603ffa', 'environment': 'staging', 'version_tag': 'v2.0', 'timestamp': '2026-05-22T04:13:19.164031+00:00', 'payload_url': 'https://mock-bucket.supabase.co/object/public/snapshots/staging/14fe38a4-cf21-4cb5-8c1c-0fb6bb603ffa.json', 'metadata': {'source': 'agent'}}, {'id': '6a615a07-a8d3-496b-afec-d4cf06ec3841', 'environment': 'staging', 'version_tag': 'v1.0', 'timestamp': '2026-05-22T04:13:19.141934+00:00', 'payload_url': 'https://mock-bucket.supabase.co/object/public/snapshots/staging/6a615a07-a8d3-496b-afec-d4cf06ec3841.json', 'metadata': {'source': 'agent'}}])
FAILED tests/endpoints/test_snapshots.py::test_list_snapshots_after_create - AssertionError: assert '2bf6a13c-1883-450c-a099-b4f12ba62665' in {'6a615a07-a8d3-496b-afec-d4cf06ec3841', '14fe38a4-cf21-4cb5-8c1c-0fb6bb603ffa'}
======================== 2 failed, 28 passed in 3.25s =========================
